<?xml version="1.0" encoding="UTF-8"?>
<!-- Generated by org.testng.reporters.JUnitXMLReporter -->
<testsuite hostname="DESKTOP-DR9DKED" name="Window_Handles_Test" tests="1" failures="0" timestamp="6 Feb 2021 12:44:13 GMT" time="0.041" errors="0">
  <testcase name="@BeforeSuite openbrowser" time="0.0" classname="com.windowhandles.TestScripts.HomePageTest">
    <failure type="java.lang.NullPointerException">
      <![CDATA[java.lang.NullPointerException
	at com.windowhandles.BaseEngine.BaseClass.openbrowser(BaseClass.java:34)
... Removed 18 stack frames]]>
    </failure>
  </testcase> <!-- @BeforeSuite openbrowser -->
  <testcase name="homepage" time="0.002" classname="com.windowhandles.TestScripts.HomePageTest">
    <skipped/>
  </testcase> <!-- homepage -->
</testsuite> <!-- Window_Handles_Test -->
