<?xml version="1.0" encoding="UTF-8"?>
<testng-results skipped="0" failed="0" total="2" passed="2">
  <reporter-output>
  </reporter-output>
  <suite name="SmokeSuite" duration-ms="81001" started-at="2021-02-07T11:29:38Z" finished-at="2021-02-07T11:30:59Z">
    <groups>
    </groups>
    <test name="Window_Handles_Test" duration-ms="81001" started-at="2021-02-07T11:29:38Z" finished-at="2021-02-07T11:30:59Z">
      <class name="com.windowhandles.TestScripts.HomePageTest">
        <test-method status="PASS" signature="openbrowser(java.lang.String)[pri:0, instance:com.windowhandles.TestScripts.HomePageTest@709ba3fb]" name="openbrowser" is-config="true" duration-ms="60330" started-at="2021-02-07T16:58:37Z" finished-at="2021-02-07T16:59:38Z">
          <params>
            <param index="0">
              <value>
                <![CDATA[chrome]]>
              </value>
            </param>
          </params>
          <reporter-output>
          </reporter-output>
        </test-method> <!-- openbrowser -->
        <test-method status="PASS" signature="homepage()[pri:0, instance:com.windowhandles.TestScripts.HomePageTest@709ba3fb]" name="homepage" duration-ms="6294" started-at="2021-02-07T16:59:38Z" finished-at="2021-02-07T16:59:44Z">
          <reporter-output>
          </reporter-output>
        </test-method> <!-- homepage -->
        <test-method status="PASS" signature="whandle()[pri:1, instance:com.windowhandles.TestScripts.HomePageTest@709ba3fb]" name="whandle" duration-ms="74663" started-at="2021-02-07T16:59:44Z" finished-at="2021-02-07T17:00:59Z">
          <reporter-output>
          </reporter-output>
        </test-method> <!-- whandle -->
      </class> <!-- com.windowhandles.TestScripts.HomePageTest -->
    </test> <!-- Window_Handles_Test -->
  </suite> <!-- SmokeSuite -->
</testng-results>
