<?xml version="1.0" encoding="UTF-8"?>
<testng-results skipped="0" failed="0" total="2" passed="2">
  <reporter-output>
  </reporter-output>
  <suite name="Default suite" duration-ms="73306" started-at="2021-02-07T12:57:25Z" finished-at="2021-02-07T12:58:38Z">
    <groups>
    </groups>
    <test name="Default test" duration-ms="73306" started-at="2021-02-07T12:57:25Z" finished-at="2021-02-07T12:58:38Z">
      <class name="com.windowhandles.TestScripts.HomePageTest">
        <test-method status="PASS" signature="openbrowser(java.lang.String)[pri:0, instance:com.windowhandles.TestScripts.HomePageTest@fdefd3f]" name="openbrowser" is-config="true" duration-ms="67471" started-at="2021-02-07T18:26:17Z" finished-at="2021-02-07T18:27:25Z">
          <params>
            <param index="0">
              <value>
                <![CDATA[chrome]]>
              </value>
            </param>
          </params>
          <reporter-output>
          </reporter-output>
        </test-method> <!-- openbrowser -->
        <test-method status="PASS" signature="homepage()[pri:0, instance:com.windowhandles.TestScripts.HomePageTest@fdefd3f]" name="homepage" duration-ms="6361" started-at="2021-02-07T18:27:25Z" finished-at="2021-02-07T18:27:31Z">
          <reporter-output>
          </reporter-output>
        </test-method> <!-- homepage -->
        <test-method status="PASS" signature="whandle()[pri:1, instance:com.windowhandles.TestScripts.HomePageTest@fdefd3f]" name="whandle" duration-ms="66873" started-at="2021-02-07T18:27:31Z" finished-at="2021-02-07T18:28:38Z">
          <reporter-output>
          </reporter-output>
        </test-method> <!-- whandle -->
      </class> <!-- com.windowhandles.TestScripts.HomePageTest -->
    </test> <!-- Default test -->
  </suite> <!-- Default suite -->
</testng-results>
